# JRE version: OpenJDK Runtime Environment (17.0.6) (build 17.0.6+0-b2043.56-10027231)
# Java VM: OpenJDK 64-Bit Server VM (17.0.6+0-b2043.56-10027231, mixed mode, tiered, compressed oops, compressed class ptrs, g1 gc, windows-amd64)
GC Precious Log:
 CPUs: 8 total, 8 available
 Memory: 7975M
 Large Page Support: Disabled
 NUMA Support: Disabled
 Compressed Oops: Enabled (32-bit)
 Heap Region Size: 1M
 Heap Min Capacity: 8M
 Heap Initial Capacity: 126M
 Heap Max Capacity: 1536M
 Pre-touch: Disabled
 Parallel Workers: 8
 Concurrent Workers: 2
 Concurrent Refinement Workers: 8
 Periodic GC: Disabled
Heap:
 garbage-first heap   total 219136K, used 159362K [0x00000000a0000000, 0x0000000100000000)
  region size 1024K, 10 young (10240K), 5 survivors (5120K)
 Metaspace       used 98771K, committed 99840K, reserved 1138688K
  class space    used 13769K, committed 14208K, reserved 1048576K
GC Heap History (20 events):
Event: 55.886 GC heap before
{Heap before GC invocations=66 (full 0):
 garbage-first heap   total 165888K, used 136894K [0x00000000a0000000, 0x0000000100000000)
  region size 1024K, 43 young (44032K), 4 survivors (4096K)
 Metaspace       used 94374K, committed 95232K, reserved 1138688K
  class space    used 13195K, committed 13568K, reserved 1048576K
}
Event: 55.897 GC heap after
{Heap after GC invocations=67 (full 0):
 garbage-first heap   total 165888K, used 101371K [0x00000000a0000000, 0x0000000100000000)
  region size 1024K, 6 young (6144K), 6 survivors (6144K)
 Metaspace       used 94374K, committed 95232K, reserved 1138688K
  class space    used 13195K, committed 13568K, reserved 1048576K
}
Event: 58.126 GC heap before
{Heap before GC invocations=68 (full 0):
 garbage-first heap   total 174080K, used 140283K [0x00000000a0000000, 0x0000000100000000)
  region size 1024K, 41 young (41984K), 6 survivors (6144K)
 Metaspace       used 95619K, committed 96448K, reserved 1138688K
  class space    used 13322K, committed 13696K, reserved 1048576K
}
Event: 58.144 GC heap after
{Heap after GC invocations=69 (full 0):
 garbage-first heap   total 174080K, used 110643K [0x00000000a0000000, 0x0000000100000000)
  region size 1024K, 6 young (6144K), 6 survivors (6144K)
 Metaspace       used 95619K, committed 96448K, reserved 1138688K
  class space    used 13322K, committed 13696K, reserved 1048576K
}
Event: 58.253 GC heap before
{Heap before GC invocations=69 (full 0):
 garbage-first heap   total 174080K, used 112691K [0x00000000a0000000, 0x0000000100000000)
  region size 1024K, 8 young (8192K), 6 survivors (6144K)
 Metaspace       used 95705K, committed 96576K, reserved 1138688K
  class space    used 13340K, committed 13696K, reserved 1048576K
}
Event: 58.261 GC heap after
{Heap after GC invocations=70 (full 0):
 garbage-first heap   total 174080K, used 111624K [0x00000000a0000000, 0x0000000100000000)
  region size 1024K, 1 young (1024K), 1 survivors (1024K)
 Metaspace       used 95705K, committed 96576K, reserved 1138688K
  class space    used 13340K, committed 13696K, reserved 1048576K
}
Event: 60.606 GC heap before
{Heap before GC invocations=70 (full 0):
 garbage-first heap   total 174080K, used 143368K [0x00000000a0000000, 0x0000000100000000)
  region size 1024K, 33 young (33792K), 1 survivors (1024K)
 Metaspace       used 96929K, committed 97792K, reserved 1138688K
  class space    used 13540K, committed 13888K, reserved 1048576K
}
Event: 60.616 GC heap after
{Heap after GC invocations=71 (full 0):
 garbage-first heap   total 174080K, used 116736K [0x00000000a0000000, 0x0000000100000000)
  region size 1024K, 5 young (5120K), 5 survivors (5120K)
 Metaspace       used 96929K, committed 97792K, reserved 1138688K
  class space    used 13540K, committed 13888K, reserved 1048576K
}
Event: 62.389 GC heap before
{Heap before GC invocations=72 (full 0):
 garbage-first heap   total 203776K, used 141312K [0x00000000a0000000, 0x0000000100000000)
  region size 1024K, 30 young (30720K), 5 survivors (5120K)
 Metaspace       used 97379K, committed 98368K, reserved 1138688K
  class space    used 13588K, committed 13952K, reserved 1048576K
}
Event: 62.406 GC heap after
{Heap after GC invocations=73 (full 0):
 garbage-first heap   total 203776K, used 120637K [0x00000000a0000000, 0x0000000100000000)
  region size 1024K, 4 young (4096K), 4 survivors (4096K)
 Metaspace       used 97379K, committed 98368K, reserved 1138688K
  class space    used 13588K, committed 13952K, reserved 1048576K
}
Event: 62.650 GC heap before
{Heap before GC invocations=73 (full 0):
 garbage-first heap   total 203776K, used 125757K [0x00000000a0000000, 0x0000000100000000)
  region size 1024K, 9 young (9216K), 4 survivors (4096K)
 Metaspace       used 97431K, committed 98432K, reserved 1138688K
  class space    used 13595K, committed 14016K, reserved 1048576K
}
Event: 62.663 GC heap after
{Heap after GC invocations=74 (full 0):
 garbage-first heap   total 203776K, used 121319K [0x00000000a0000000, 0x0000000100000000)
  region size 1024K, 1 young (1024K), 1 survivors (1024K)
 Metaspace       used 97431K, committed 98432K, reserved 1138688K
  class space    used 13595K, committed 14016K, reserved 1048576K
}
Event: 65.587 GC heap before
{Heap before GC invocations=74 (full 0):
 garbage-first heap   total 203776K, used 166375K [0x00000000a0000000, 0x0000000100000000)
  region size 1024K, 45 young (46080K), 1 survivors (1024K)
 Metaspace       used 98012K, committed 99008K, reserved 1138688K
  class space    used 13671K, committed 14080K, reserved 1048576K
}
Event: 65.605 GC heap after
{Heap after GC invocations=75 (full 0):
 garbage-first heap   total 203776K, used 128546K [0x00000000a0000000, 0x0000000100000000)
  region size 1024K, 6 young (6144K), 6 survivors (6144K)
 Metaspace       used 98012K, committed 99008K, reserved 1138688K
  class space    used 13671K, committed 14080K, reserved 1048576K
}
Event: 68.063 GC heap before
{Heap before GC invocations=76 (full 0):
 garbage-first heap   total 219136K, used 167458K [0x00000000a0000000, 0x0000000100000000)
  region size 1024K, 42 young (43008K), 6 survivors (6144K)
 Metaspace       used 98361K, committed 99392K, reserved 1138688K
  class space    used 13721K, committed 14144K, reserved 1048576K
}
Event: 68.082 GC heap after
{Heap after GC invocations=77 (full 0):
 garbage-first heap   total 219136K, used 139933K [0x00000000a0000000, 0x0000000100000000)
  region size 1024K, 6 young (6144K), 6 survivors (6144K)
 Metaspace       used 98361K, committed 99392K, reserved 1138688K
  class space    used 13721K, committed 14144K, reserved 1048576K
}
Event: 68.504 GC heap before
{Heap before GC invocations=77 (full 0):
 garbage-first heap   total 219136K, used 144029K [0x00000000a0000000, 0x0000000100000000)
  region size 1024K, 10 young (10240K), 6 survivors (6144K)
 Metaspace       used 98372K, committed 99392K, reserved 1138688K
  class space    used 13721K, committed 14144K, reserved 1048576K
}
Event: 68.511 GC heap after
{Heap after GC invocations=78 (full 0):
 garbage-first heap   total 219136K, used 140473K [0x00000000a0000000, 0x0000000100000000)
  region size 1024K, 1 young (1024K), 1 survivors (1024K)
 Metaspace       used 98372K, committed 99392K, reserved 1138688K
  class space    used 13721K, committed 14144K, reserved 1048576K
}
Event: 70.849 GC heap before
{Heap before GC invocations=78 (full 0):
 garbage-first heap   total 219136K, used 183481K [0x00000000a0000000, 0x0000000100000000)
  region size 1024K, 37 young (37888K), 1 survivors (1024K)
 Metaspace       used 98665K, committed 99776K, reserved 1138688K
  class space    used 13758K, committed 14208K, reserved 1048576K
}
Event: 70.858 GC heap after
{Heap after GC invocations=79 (full 0):
 garbage-first heap   total 219136K, used 155266K [0x00000000a0000000, 0x0000000100000000)
  region size 1024K, 5 young (5120K), 5 survivors (5120K)
 Metaspace       used 98665K, committed 99776K, reserved 1138688K
  class space    used 13758K, committed 14208K, reserved 1048576K
}

